#! /c/Source/iverilog-install/bin/vvp
:ivl_version "12.0 (devel)" "(s20150603-1110-g18392a46)";
:ivl_delay_selection "TYPICAL";
:vpi_time_precision + 0;
:vpi_module "C:\Users\abhi2\iverilog\lib\ivl\system.vpi";
:vpi_module "C:\Users\abhi2\iverilog\lib\ivl\vhdl_sys.vpi";
:vpi_module "C:\Users\abhi2\iverilog\lib\ivl\vhdl_textio.vpi";
:vpi_module "C:\Users\abhi2\iverilog\lib\ivl\v2005_math.vpi";
:vpi_module "C:\Users\abhi2\iverilog\lib\ivl\va_math.vpi";
S_000001cbedb72790 .scope module, "data_memory" "data_memory" 2 22;
 .timescale 0 0;
    .port_info 0 /INPUT 3 "M_stat";
    .port_info 1 /INPUT 4 "M_icode";
    .port_info 2 /INPUT 1 "M_Cnd";
    .port_info 3 /INPUT 64 "M_valE";
    .port_info 4 /INPUT 64 "M_valA";
    .port_info 5 /INPUT 4 "M_dstE";
    .port_info 6 /INPUT 4 "M_dstM";
    .port_info 7 /OUTPUT 3 "m_stat";
    .port_info 8 /OUTPUT 4 "m_icode";
    .port_info 9 /OUTPUT 4 "m_dstE";
    .port_info 10 /OUTPUT 4 "m_dstM";
    .port_info 11 /OUTPUT 64 "m_valE";
    .port_info 12 /OUTPUT 64 "m_valM";
o000001cbedbd06f8 .functor BUFZ 1, C4<z>; HiZ drive
v000001cbedbd0650_0 .net "M_Cnd", 0 0, o000001cbedbd06f8;  0 drivers
o000001cbedbd0728 .functor BUFZ 4, C4<zzzz>; HiZ drive
v000001cbedc22be0_0 .net "M_dstE", 3 0, o000001cbedbd0728;  0 drivers
o000001cbedbd0758 .functor BUFZ 4, C4<zzzz>; HiZ drive
v000001cbedc22c80_0 .net "M_dstM", 3 0, o000001cbedbd0758;  0 drivers
o000001cbedbd0788 .functor BUFZ 4, C4<zzzz>; HiZ drive
v000001cbedc22d20_0 .net "M_icode", 3 0, o000001cbedbd0788;  0 drivers
o000001cbedbd07b8 .functor BUFZ 3, C4<zzz>; HiZ drive
v000001cbedc22dc0_0 .net "M_stat", 2 0, o000001cbedbd07b8;  0 drivers
o000001cbedbd07e8 .functor BUFZ 64, C4<zzzzzzzzzzzzzzzzzzzzzzzzzzzzzzzzzzzzzzzzzzzzzzzzzzzzzzzzzzzzzzzz>; HiZ drive
v000001cbedc22e60_0 .net "M_valA", 63 0, o000001cbedbd07e8;  0 drivers
o000001cbedbd0818 .functor BUFZ 64, C4<zzzzzzzzzzzzzzzzzzzzzzzzzzzzzzzzzzzzzzzzzzzzzzzzzzzzzzzzzzzzzzzz>; HiZ drive
v000001cbedc22f00_0 .net "M_valE", 63 0, o000001cbedbd0818;  0 drivers
o000001cbedbd0848 .functor BUFZ 1, C4<z>; HiZ drive
v000001cbedc22fa0_0 .net "clk", 0 0, o000001cbedbd0848;  0 drivers
v000001cbedc23040_0 .var "m_dstE", 3 0;
v000001cbedc230e0_0 .var "m_dstM", 3 0;
v000001cbedc23180_0 .var "m_icode", 3 0;
v000001cbedc23220_0 .var "m_stat", 2 0;
v000001cbedc232c0_0 .var "m_valE", 63 0;
v000001cbedc23770_0 .var "m_valM", 63 0;
v000001cbedc23810 .array "memReg", 8191 0, 63 0;
v000001cbedc24120_0 .var "mem_addr", 63 0;
v000001cbedc241c0_0 .var "mem_data", 63 0;
v000001cbedc23b80_0 .var "mem_read", 0 0;
v000001cbedc23900_0 .var "mem_write", 0 0;
E_000001cbedbc7140 .event posedge, v000001cbedc22fa0_0;
S_000001cbedb72920 .scope generate, "genblk1[0]" "genblk1[0]" 2 40, 2 40 0, S_000001cbedb72790;
 .timescale 0 0;
P_000001cbedbc71c0 .param/l "i" 0 2 40, +C4<00>;
S_000001cbedb72ab0 .scope generate, "genblk1[1]" "genblk1[1]" 2 40, 2 40 0, S_000001cbedb72790;
 .timescale 0 0;
P_000001cbedbc74c0 .param/l "i" 0 2 40, +C4<01>;
S_000001cbedbc7600 .scope generate, "genblk1[2]" "genblk1[2]" 2 40, 2 40 0, S_000001cbedb72790;
 .timescale 0 0;
P_000001cbedbc7000 .param/l "i" 0 2 40, +C4<010>;
S_000001cbedbc7790 .scope generate, "genblk1[3]" "genblk1[3]" 2 40, 2 40 0, S_000001cbedb72790;
 .timescale 0 0;
P_000001cbedbc72c0 .param/l "i" 0 2 40, +C4<011>;
S_000001cbedbc7920 .scope generate, "genblk1[4]" "genblk1[4]" 2 40, 2 40 0, S_000001cbedb72790;
 .timescale 0 0;
P_000001cbedbc6f00 .param/l "i" 0 2 40, +C4<0100>;
S_000001cbedbc7ab0 .scope generate, "genblk1[5]" "genblk1[5]" 2 40, 2 40 0, S_000001cbedb72790;
 .timescale 0 0;
P_000001cbedbc6a80 .param/l "i" 0 2 40, +C4<0101>;
S_000001cbedbc7c40 .scope generate, "genblk1[6]" "genblk1[6]" 2 40, 2 40 0, S_000001cbedb72790;
 .timescale 0 0;
P_000001cbedbc6800 .param/l "i" 0 2 40, +C4<0110>;
S_000001cbedbc7dd0 .scope generate, "genblk1[7]" "genblk1[7]" 2 40, 2 40 0, S_000001cbedb72790;
 .timescale 0 0;
P_000001cbedbc6a00 .param/l "i" 0 2 40, +C4<0111>;
S_000001cbedbc7f60 .scope generate, "genblk1[8]" "genblk1[8]" 2 40, 2 40 0, S_000001cbedb72790;
 .timescale 0 0;
P_000001cbedbc7280 .param/l "i" 0 2 40, +C4<01000>;
S_000001cbedbc80f0 .scope generate, "genblk1[9]" "genblk1[9]" 2 40, 2 40 0, S_000001cbedb72790;
 .timescale 0 0;
P_000001cbedbc70c0 .param/l "i" 0 2 40, +C4<01001>;
S_000001cbedbc8280 .scope generate, "genblk1[10]" "genblk1[10]" 2 40, 2 40 0, S_000001cbedb72790;
 .timescale 0 0;
P_000001cbedbc66c0 .param/l "i" 0 2 40, +C4<01010>;
S_000001cbedbc8820 .scope generate, "genblk1[11]" "genblk1[11]" 2 40, 2 40 0, S_000001cbedb72790;
 .timescale 0 0;
P_000001cbedbc6900 .param/l "i" 0 2 40, +C4<01011>;
S_000001cbedbc89b0 .scope generate, "genblk1[12]" "genblk1[12]" 2 40, 2 40 0, S_000001cbedb72790;
 .timescale 0 0;
P_000001cbedbc6e00 .param/l "i" 0 2 40, +C4<01100>;
S_000001cbedbc8b40 .scope generate, "genblk1[13]" "genblk1[13]" 2 40, 2 40 0, S_000001cbedb72790;
 .timescale 0 0;
P_000001cbedbc6780 .param/l "i" 0 2 40, +C4<01101>;
S_000001cbedbc8cd0 .scope generate, "genblk1[14]" "genblk1[14]" 2 40, 2 40 0, S_000001cbedb72790;
 .timescale 0 0;
P_000001cbedbc7440 .param/l "i" 0 2 40, +C4<01110>;
S_000001cbedbc8e60 .scope generate, "genblk1[15]" "genblk1[15]" 2 40, 2 40 0, S_000001cbedb72790;
 .timescale 0 0;
P_000001cbedbc7500 .param/l "i" 0 2 40, +C4<01111>;
S_000001cbedbc9e50 .scope generate, "genblk1[16]" "genblk1[16]" 2 40, 2 40 0, S_000001cbedb72790;
 .timescale 0 0;
P_000001cbedbc6700 .param/l "i" 0 2 40, +C4<010000>;
S_000001cbedbc9810 .scope generate, "genblk1[17]" "genblk1[17]" 2 40, 2 40 0, S_000001cbedb72790;
 .timescale 0 0;
P_000001cbedbc7540 .param/l "i" 0 2 40, +C4<010001>;
S_000001cbedbc9cc0 .scope generate, "genblk1[18]" "genblk1[18]" 2 40, 2 40 0, S_000001cbedb72790;
 .timescale 0 0;
P_000001cbedbc6880 .param/l "i" 0 2 40, +C4<010010>;
S_000001cbedbc94f0 .scope generate, "genblk1[19]" "genblk1[19]" 2 40, 2 40 0, S_000001cbedb72790;
 .timescale 0 0;
P_000001cbedbc7100 .param/l "i" 0 2 40, +C4<010011>;
S_000001cbedbc99a0 .scope generate, "genblk1[20]" "genblk1[20]" 2 40, 2 40 0, S_000001cbedb72790;
 .timescale 0 0;
P_000001cbedbc7200 .param/l "i" 0 2 40, +C4<010100>;
S_000001cbedbc9b30 .scope generate, "genblk1[21]" "genblk1[21]" 2 40, 2 40 0, S_000001cbedb72790;
 .timescale 0 0;
P_000001cbedbc7240 .param/l "i" 0 2 40, +C4<010101>;
S_000001cbedbc9040 .scope generate, "genblk1[22]" "genblk1[22]" 2 40, 2 40 0, S_000001cbedb72790;
 .timescale 0 0;
P_000001cbedbc7300 .param/l "i" 0 2 40, +C4<010110>;
S_000001cbedbc9360 .scope generate, "genblk1[23]" "genblk1[23]" 2 40, 2 40 0, S_000001cbedb72790;
 .timescale 0 0;
P_000001cbedbc6940 .param/l "i" 0 2 40, +C4<010111>;
S_000001cbedbc91d0 .scope generate, "genblk1[24]" "genblk1[24]" 2 40, 2 40 0, S_000001cbedb72790;
 .timescale 0 0;
P_000001cbedbc69c0 .param/l "i" 0 2 40, +C4<011000>;
S_000001cbedbc9680 .scope generate, "genblk1[25]" "genblk1[25]" 2 40, 2 40 0, S_000001cbedb72790;
 .timescale 0 0;
P_000001cbedbc7340 .param/l "i" 0 2 40, +C4<011001>;
S_000001cbedbcc9c0 .scope generate, "genblk1[26]" "genblk1[26]" 2 40, 2 40 0, S_000001cbedb72790;
 .timescale 0 0;
P_000001cbedbc6980 .param/l "i" 0 2 40, +C4<011010>;
S_000001cbedbcdaf0 .scope generate, "genblk1[27]" "genblk1[27]" 2 40, 2 40 0, S_000001cbedb72790;
 .timescale 0 0;
P_000001cbedbc6b80 .param/l "i" 0 2 40, +C4<011011>;
S_000001cbedbcce70 .scope generate, "genblk1[28]" "genblk1[28]" 2 40, 2 40 0, S_000001cbedb72790;
 .timescale 0 0;
P_000001cbedbc6c40 .param/l "i" 0 2 40, +C4<011100>;
S_000001cbedbcc6a0 .scope generate, "genblk1[29]" "genblk1[29]" 2 40, 2 40 0, S_000001cbedb72790;
 .timescale 0 0;
P_000001cbedbc67c0 .param/l "i" 0 2 40, +C4<011101>;
S_000001cbedbcd7d0 .scope generate, "genblk1[30]" "genblk1[30]" 2 40, 2 40 0, S_000001cbedb72790;
 .timescale 0 0;
P_000001cbedbc6e80 .param/l "i" 0 2 40, +C4<011110>;
S_000001cbedbcc380 .scope generate, "genblk1[31]" "genblk1[31]" 2 40, 2 40 0, S_000001cbedb72790;
 .timescale 0 0;
P_000001cbedbc6d40 .param/l "i" 0 2 40, +C4<011111>;
S_000001cbedbcdc80 .scope generate, "genblk1[32]" "genblk1[32]" 2 40, 2 40 0, S_000001cbedb72790;
 .timescale 0 0;
P_000001cbedbc6ec0 .param/l "i" 0 2 40, +C4<0100000>;
S_000001cbedbcd960 .scope generate, "genblk1[33]" "genblk1[33]" 2 40, 2 40 0, S_000001cbedb72790;
 .timescale 0 0;
P_000001cbedbc7380 .param/l "i" 0 2 40, +C4<0100001>;
S_000001cbedbccb50 .scope generate, "genblk1[34]" "genblk1[34]" 2 40, 2 40 0, S_000001cbedb72790;
 .timescale 0 0;
P_000001cbedbc6c00 .param/l "i" 0 2 40, +C4<0100010>;
S_000001cbedbcde10 .scope generate, "genblk1[35]" "genblk1[35]" 2 40, 2 40 0, S_000001cbedb72790;
 .timescale 0 0;
P_000001cbedbc7580 .param/l "i" 0 2 40, +C4<0100011>;
S_000001cbedbcc510 .scope generate, "genblk1[36]" "genblk1[36]" 2 40, 2 40 0, S_000001cbedb72790;
 .timescale 0 0;
P_000001cbedbc6f40 .param/l "i" 0 2 40, +C4<0100100>;
S_000001cbedbcc830 .scope generate, "genblk1[37]" "genblk1[37]" 2 40, 2 40 0, S_000001cbedb72790;
 .timescale 0 0;
P_000001cbedbc6840 .param/l "i" 0 2 40, +C4<0100101>;
S_000001cbedbcd4b0 .scope generate, "genblk1[38]" "genblk1[38]" 2 40, 2 40 0, S_000001cbedb72790;
 .timescale 0 0;
P_000001cbedbc6740 .param/l "i" 0 2 40, +C4<0100110>;
S_000001cbedbccce0 .scope generate, "genblk1[39]" "genblk1[39]" 2 40, 2 40 0, S_000001cbedb72790;
 .timescale 0 0;
P_000001cbedbc6640 .param/l "i" 0 2 40, +C4<0100111>;
S_000001cbedbcd000 .scope generate, "genblk1[40]" "genblk1[40]" 2 40, 2 40 0, S_000001cbedb72790;
 .timescale 0 0;
P_000001cbedbc6ac0 .param/l "i" 0 2 40, +C4<0101000>;
S_000001cbedbcc060 .scope generate, "genblk1[41]" "genblk1[41]" 2 40, 2 40 0, S_000001cbedb72790;
 .timescale 0 0;
P_000001cbedbc6fc0 .param/l "i" 0 2 40, +C4<0101001>;
S_000001cbedbcd190 .scope generate, "genblk1[42]" "genblk1[42]" 2 40, 2 40 0, S_000001cbedb72790;
 .timescale 0 0;
P_000001cbedbc6b00 .param/l "i" 0 2 40, +C4<0101010>;
S_000001cbedbcd320 .scope generate, "genblk1[43]" "genblk1[43]" 2 40, 2 40 0, S_000001cbedb72790;
 .timescale 0 0;
P_000001cbedbc6b40 .param/l "i" 0 2 40, +C4<0101011>;
S_000001cbedbcd640 .scope generate, "genblk1[44]" "genblk1[44]" 2 40, 2 40 0, S_000001cbedb72790;
 .timescale 0 0;
P_000001cbedbc6cc0 .param/l "i" 0 2 40, +C4<0101100>;
S_000001cbedbcc1f0 .scope generate, "genblk1[45]" "genblk1[45]" 2 40, 2 40 0, S_000001cbedb72790;
 .timescale 0 0;
P_000001cbedbc6d00 .param/l "i" 0 2 40, +C4<0101101>;
S_000001cbedbd0120 .scope generate, "genblk1[46]" "genblk1[46]" 2 40, 2 40 0, S_000001cbedb72790;
 .timescale 0 0;
P_000001cbedbc6d80 .param/l "i" 0 2 40, +C4<0101110>;
S_000001cbedbceb40 .scope generate, "genblk1[47]" "genblk1[47]" 2 40, 2 40 0, S_000001cbedb72790;
 .timescale 0 0;
P_000001cbedb5c8f0 .param/l "i" 0 2 40, +C4<0101111>;
S_000001cbedbcecd0 .scope generate, "genblk1[48]" "genblk1[48]" 2 40, 2 40 0, S_000001cbedb72790;
 .timescale 0 0;
P_000001cbedb5cb30 .param/l "i" 0 2 40, +C4<0110000>;
S_000001cbedbcee60 .scope generate, "genblk1[49]" "genblk1[49]" 2 40, 2 40 0, S_000001cbedb72790;
 .timescale 0 0;
P_000001cbedb5cf30 .param/l "i" 0 2 40, +C4<0110001>;
S_000001cbedbcf310 .scope generate, "genblk1[50]" "genblk1[50]" 2 40, 2 40 0, S_000001cbedb72790;
 .timescale 0 0;
P_000001cbedb5cb70 .param/l "i" 0 2 40, +C4<0110010>;
S_000001cbedbce820 .scope generate, "genblk1[51]" "genblk1[51]" 2 40, 2 40 0, S_000001cbedb72790;
 .timescale 0 0;
P_000001cbedb5cbb0 .param/l "i" 0 2 40, +C4<0110011>;
S_000001cbedbce9b0 .scope generate, "genblk1[52]" "genblk1[52]" 2 40, 2 40 0, S_000001cbedb72790;
 .timescale 0 0;
P_000001cbedb5cbf0 .param/l "i" 0 2 40, +C4<0110100>;
S_000001cbedbcfc70 .scope generate, "genblk1[53]" "genblk1[53]" 2 40, 2 40 0, S_000001cbedb72790;
 .timescale 0 0;
P_000001cbedb5cc70 .param/l "i" 0 2 40, +C4<0110101>;
S_000001cbedbd02b0 .scope generate, "genblk1[54]" "genblk1[54]" 2 40, 2 40 0, S_000001cbedb72790;
 .timescale 0 0;
P_000001cbedb5ccb0 .param/l "i" 0 2 40, +C4<0110110>;
S_000001cbedbcfe00 .scope generate, "genblk1[55]" "genblk1[55]" 2 40, 2 40 0, S_000001cbedb72790;
 .timescale 0 0;
P_000001cbedb5ccf0 .param/l "i" 0 2 40, +C4<0110111>;
S_000001cbedbd0440 .scope generate, "genblk1[56]" "genblk1[56]" 2 40, 2 40 0, S_000001cbedb72790;
 .timescale 0 0;
P_000001cbedb5ce30 .param/l "i" 0 2 40, +C4<0111000>;
S_000001cbedbcff90 .scope generate, "genblk1[57]" "genblk1[57]" 2 40, 2 40 0, S_000001cbedb72790;
 .timescale 0 0;
P_000001cbedb5c770 .param/l "i" 0 2 40, +C4<0111001>;
S_000001cbedbceff0 .scope generate, "genblk1[58]" "genblk1[58]" 2 40, 2 40 0, S_000001cbedb72790;
 .timescale 0 0;
P_000001cbedb5c570 .param/l "i" 0 2 40, +C4<0111010>;
S_000001cbedbcf180 .scope generate, "genblk1[59]" "genblk1[59]" 2 40, 2 40 0, S_000001cbedb72790;
 .timescale 0 0;
P_000001cbedb5c5f0 .param/l "i" 0 2 40, +C4<0111011>;
S_000001cbedbcf4a0 .scope generate, "genblk1[60]" "genblk1[60]" 2 40, 2 40 0, S_000001cbedb72790;
 .timescale 0 0;
P_000001cbedb5cd30 .param/l "i" 0 2 40, +C4<0111100>;
S_000001cbedbce690 .scope generate, "genblk1[61]" "genblk1[61]" 2 40, 2 40 0, S_000001cbedb72790;
 .timescale 0 0;
P_000001cbedb5cd70 .param/l "i" 0 2 40, +C4<0111101>;
S_000001cbedbcf630 .scope generate, "genblk1[62]" "genblk1[62]" 2 40, 2 40 0, S_000001cbedb72790;
 .timescale 0 0;
P_000001cbedb5c270 .param/l "i" 0 2 40, +C4<0111110>;
S_000001cbedbcf7c0 .scope generate, "genblk1[63]" "genblk1[63]" 2 40, 2 40 0, S_000001cbedb72790;
 .timescale 0 0;
P_000001cbedb5c330 .param/l "i" 0 2 40, +C4<0111111>;
    .scope S_000001cbedb72920;
T_0 ;
    %pushi/vec4 0, 0, 64;
    %ix/load 4, 0, 0;
    %flag_set/imm 4, 0;
    %store/vec4a v000001cbedc23810, 4, 0;
    %end;
    .thread T_0;
    .scope S_000001cbedb72ab0;
T_1 ;
    %pushi/vec4 0, 0, 64;
    %ix/load 4, 1, 0;
    %flag_set/imm 4, 0;
    %store/vec4a v000001cbedc23810, 4, 0;
    %end;
    .thread T_1;
    .scope S_000001cbedbc7600;
T_2 ;
    %pushi/vec4 0, 0, 64;
    %ix/load 4, 2, 0;
    %flag_set/imm 4, 0;
    %store/vec4a v000001cbedc23810, 4, 0;
    %end;
    .thread T_2;
    .scope S_000001cbedbc7790;
T_3 ;
    %pushi/vec4 0, 0, 64;
    %ix/load 4, 3, 0;
    %flag_set/imm 4, 0;
    %store/vec4a v000001cbedc23810, 4, 0;
    %end;
    .thread T_3;
    .scope S_000001cbedbc7920;
T_4 ;
    %pushi/vec4 0, 0, 64;
    %ix/load 4, 4, 0;
    %flag_set/imm 4, 0;
    %store/vec4a v000001cbedc23810, 4, 0;
    %end;
    .thread T_4;
    .scope S_000001cbedbc7ab0;
T_5 ;
    %pushi/vec4 0, 0, 64;
    %ix/load 4, 5, 0;
    %flag_set/imm 4, 0;
    %store/vec4a v000001cbedc23810, 4, 0;
    %end;
    .thread T_5;
    .scope S_000001cbedbc7c40;
T_6 ;
    %pushi/vec4 0, 0, 64;
    %ix/load 4, 6, 0;
    %flag_set/imm 4, 0;
    %store/vec4a v000001cbedc23810, 4, 0;
    %end;
    .thread T_6;
    .scope S_000001cbedbc7dd0;
T_7 ;
    %pushi/vec4 0, 0, 64;
    %ix/load 4, 7, 0;
    %flag_set/imm 4, 0;
    %store/vec4a v000001cbedc23810, 4, 0;
    %end;
    .thread T_7;
    .scope S_000001cbedbc7f60;
T_8 ;
    %pushi/vec4 0, 0, 64;
    %ix/load 4, 8, 0;
    %flag_set/imm 4, 0;
    %store/vec4a v000001cbedc23810, 4, 0;
    %end;
    .thread T_8;
    .scope S_000001cbedbc80f0;
T_9 ;
    %pushi/vec4 0, 0, 64;
    %ix/load 4, 9, 0;
    %flag_set/imm 4, 0;
    %store/vec4a v000001cbedc23810, 4, 0;
    %end;
    .thread T_9;
    .scope S_000001cbedbc8280;
T_10 ;
    %pushi/vec4 0, 0, 64;
    %ix/load 4, 10, 0;
    %flag_set/imm 4, 0;
    %store/vec4a v000001cbedc23810, 4, 0;
    %end;
    .thread T_10;
    .scope S_000001cbedbc8820;
T_11 ;
    %pushi/vec4 0, 0, 64;
    %ix/load 4, 11, 0;
    %flag_set/imm 4, 0;
    %store/vec4a v000001cbedc23810, 4, 0;
    %end;
    .thread T_11;
    .scope S_000001cbedbc89b0;
T_12 ;
    %pushi/vec4 0, 0, 64;
    %ix/load 4, 12, 0;
    %flag_set/imm 4, 0;
    %store/vec4a v000001cbedc23810, 4, 0;
    %end;
    .thread T_12;
    .scope S_000001cbedbc8b40;
T_13 ;
    %pushi/vec4 0, 0, 64;
    %ix/load 4, 13, 0;
    %flag_set/imm 4, 0;
    %store/vec4a v000001cbedc23810, 4, 0;
    %end;
    .thread T_13;
    .scope S_000001cbedbc8cd0;
T_14 ;
    %pushi/vec4 0, 0, 64;
    %ix/load 4, 14, 0;
    %flag_set/imm 4, 0;
    %store/vec4a v000001cbedc23810, 4, 0;
    %end;
    .thread T_14;
    .scope S_000001cbedbc8e60;
T_15 ;
    %pushi/vec4 0, 0, 64;
    %ix/load 4, 15, 0;
    %flag_set/imm 4, 0;
    %store/vec4a v000001cbedc23810, 4, 0;
    %end;
    .thread T_15;
    .scope S_000001cbedbc9e50;
T_16 ;
    %pushi/vec4 0, 0, 64;
    %ix/load 4, 16, 0;
    %flag_set/imm 4, 0;
    %store/vec4a v000001cbedc23810, 4, 0;
    %end;
    .thread T_16;
    .scope S_000001cbedbc9810;
T_17 ;
    %pushi/vec4 0, 0, 64;
    %ix/load 4, 17, 0;
    %flag_set/imm 4, 0;
    %store/vec4a v000001cbedc23810, 4, 0;
    %end;
    .thread T_17;
    .scope S_000001cbedbc9cc0;
T_18 ;
    %pushi/vec4 0, 0, 64;
    %ix/load 4, 18, 0;
    %flag_set/imm 4, 0;
    %store/vec4a v000001cbedc23810, 4, 0;
    %end;
    .thread T_18;
    .scope S_000001cbedbc94f0;
T_19 ;
    %pushi/vec4 0, 0, 64;
    %ix/load 4, 19, 0;
    %flag_set/imm 4, 0;
    %store/vec4a v000001cbedc23810, 4, 0;
    %end;
    .thread T_19;
    .scope S_000001cbedbc99a0;
T_20 ;
    %pushi/vec4 0, 0, 64;
    %ix/load 4, 20, 0;
    %flag_set/imm 4, 0;
    %store/vec4a v000001cbedc23810, 4, 0;
    %end;
    .thread T_20;
    .scope S_000001cbedbc9b30;
T_21 ;
    %pushi/vec4 0, 0, 64;
    %ix/load 4, 21, 0;
    %flag_set/imm 4, 0;
    %store/vec4a v000001cbedc23810, 4, 0;
    %end;
    .thread T_21;
    .scope S_000001cbedbc9040;
T_22 ;
    %pushi/vec4 0, 0, 64;
    %ix/load 4, 22, 0;
    %flag_set/imm 4, 0;
    %store/vec4a v000001cbedc23810, 4, 0;
    %end;
    .thread T_22;
    .scope S_000001cbedbc9360;
T_23 ;
    %pushi/vec4 0, 0, 64;
    %ix/load 4, 23, 0;
    %flag_set/imm 4, 0;
    %store/vec4a v000001cbedc23810, 4, 0;
    %end;
    .thread T_23;
    .scope S_000001cbedbc91d0;
T_24 ;
    %pushi/vec4 0, 0, 64;
    %ix/load 4, 24, 0;
    %flag_set/imm 4, 0;
    %store/vec4a v000001cbedc23810, 4, 0;
    %end;
    .thread T_24;
    .scope S_000001cbedbc9680;
T_25 ;
    %pushi/vec4 0, 0, 64;
    %ix/load 4, 25, 0;
    %flag_set/imm 4, 0;
    %store/vec4a v000001cbedc23810, 4, 0;
    %end;
    .thread T_25;
    .scope S_000001cbedbcc9c0;
T_26 ;
    %pushi/vec4 0, 0, 64;
    %ix/load 4, 26, 0;
    %flag_set/imm 4, 0;
    %store/vec4a v000001cbedc23810, 4, 0;
    %end;
    .thread T_26;
    .scope S_000001cbedbcdaf0;
T_27 ;
    %pushi/vec4 0, 0, 64;
    %ix/load 4, 27, 0;
    %flag_set/imm 4, 0;
    %store/vec4a v000001cbedc23810, 4, 0;
    %end;
    .thread T_27;
    .scope S_000001cbedbcce70;
T_28 ;
    %pushi/vec4 0, 0, 64;
    %ix/load 4, 28, 0;
    %flag_set/imm 4, 0;
    %store/vec4a v000001cbedc23810, 4, 0;
    %end;
    .thread T_28;
    .scope S_000001cbedbcc6a0;
T_29 ;
    %pushi/vec4 0, 0, 64;
    %ix/load 4, 29, 0;
    %flag_set/imm 4, 0;
    %store/vec4a v000001cbedc23810, 4, 0;
    %end;
    .thread T_29;
    .scope S_000001cbedbcd7d0;
T_30 ;
    %pushi/vec4 0, 0, 64;
    %ix/load 4, 30, 0;
    %flag_set/imm 4, 0;
    %store/vec4a v000001cbedc23810, 4, 0;
    %end;
    .thread T_30;
    .scope S_000001cbedbcc380;
T_31 ;
    %pushi/vec4 0, 0, 64;
    %ix/load 4, 31, 0;
    %flag_set/imm 4, 0;
    %store/vec4a v000001cbedc23810, 4, 0;
    %end;
    .thread T_31;
    .scope S_000001cbedbcdc80;
T_32 ;
    %pushi/vec4 0, 0, 64;
    %ix/load 4, 32, 0;
    %flag_set/imm 4, 0;
    %store/vec4a v000001cbedc23810, 4, 0;
    %end;
    .thread T_32;
    .scope S_000001cbedbcd960;
T_33 ;
    %pushi/vec4 0, 0, 64;
    %ix/load 4, 33, 0;
    %flag_set/imm 4, 0;
    %store/vec4a v000001cbedc23810, 4, 0;
    %end;
    .thread T_33;
    .scope S_000001cbedbccb50;
T_34 ;
    %pushi/vec4 0, 0, 64;
    %ix/load 4, 34, 0;
    %flag_set/imm 4, 0;
    %store/vec4a v000001cbedc23810, 4, 0;
    %end;
    .thread T_34;
    .scope S_000001cbedbcde10;
T_35 ;
    %pushi/vec4 0, 0, 64;
    %ix/load 4, 35, 0;
    %flag_set/imm 4, 0;
    %store/vec4a v000001cbedc23810, 4, 0;
    %end;
    .thread T_35;
    .scope S_000001cbedbcc510;
T_36 ;
    %pushi/vec4 0, 0, 64;
    %ix/load 4, 36, 0;
    %flag_set/imm 4, 0;
    %store/vec4a v000001cbedc23810, 4, 0;
    %end;
    .thread T_36;
    .scope S_000001cbedbcc830;
T_37 ;
    %pushi/vec4 0, 0, 64;
    %ix/load 4, 37, 0;
    %flag_set/imm 4, 0;
    %store/vec4a v000001cbedc23810, 4, 0;
    %end;
    .thread T_37;
    .scope S_000001cbedbcd4b0;
T_38 ;
    %pushi/vec4 0, 0, 64;
    %ix/load 4, 38, 0;
    %flag_set/imm 4, 0;
    %store/vec4a v000001cbedc23810, 4, 0;
    %end;
    .thread T_38;
    .scope S_000001cbedbccce0;
T_39 ;
    %pushi/vec4 0, 0, 64;
    %ix/load 4, 39, 0;
    %flag_set/imm 4, 0;
    %store/vec4a v000001cbedc23810, 4, 0;
    %end;
    .thread T_39;
    .scope S_000001cbedbcd000;
T_40 ;
    %pushi/vec4 0, 0, 64;
    %ix/load 4, 40, 0;
    %flag_set/imm 4, 0;
    %store/vec4a v000001cbedc23810, 4, 0;
    %end;
    .thread T_40;
    .scope S_000001cbedbcc060;
T_41 ;
    %pushi/vec4 0, 0, 64;
    %ix/load 4, 41, 0;
    %flag_set/imm 4, 0;
    %store/vec4a v000001cbedc23810, 4, 0;
    %end;
    .thread T_41;
    .scope S_000001cbedbcd190;
T_42 ;
    %pushi/vec4 0, 0, 64;
    %ix/load 4, 42, 0;
    %flag_set/imm 4, 0;
    %store/vec4a v000001cbedc23810, 4, 0;
    %end;
    .thread T_42;
    .scope S_000001cbedbcd320;
T_43 ;
    %pushi/vec4 0, 0, 64;
    %ix/load 4, 43, 0;
    %flag_set/imm 4, 0;
    %store/vec4a v000001cbedc23810, 4, 0;
    %end;
    .thread T_43;
    .scope S_000001cbedbcd640;
T_44 ;
    %pushi/vec4 0, 0, 64;
    %ix/load 4, 44, 0;
    %flag_set/imm 4, 0;
    %store/vec4a v000001cbedc23810, 4, 0;
    %end;
    .thread T_44;
    .scope S_000001cbedbcc1f0;
T_45 ;
    %pushi/vec4 0, 0, 64;
    %ix/load 4, 45, 0;
    %flag_set/imm 4, 0;
    %store/vec4a v000001cbedc23810, 4, 0;
    %end;
    .thread T_45;
    .scope S_000001cbedbd0120;
T_46 ;
    %pushi/vec4 0, 0, 64;
    %ix/load 4, 46, 0;
    %flag_set/imm 4, 0;
    %store/vec4a v000001cbedc23810, 4, 0;
    %end;
    .thread T_46;
    .scope S_000001cbedbceb40;
T_47 ;
    %pushi/vec4 0, 0, 64;
    %ix/load 4, 47, 0;
    %flag_set/imm 4, 0;
    %store/vec4a v000001cbedc23810, 4, 0;
    %end;
    .thread T_47;
    .scope S_000001cbedbcecd0;
T_48 ;
    %pushi/vec4 0, 0, 64;
    %ix/load 4, 48, 0;
    %flag_set/imm 4, 0;
    %store/vec4a v000001cbedc23810, 4, 0;
    %end;
    .thread T_48;
    .scope S_000001cbedbcee60;
T_49 ;
    %pushi/vec4 0, 0, 64;
    %ix/load 4, 49, 0;
    %flag_set/imm 4, 0;
    %store/vec4a v000001cbedc23810, 4, 0;
    %end;
    .thread T_49;
    .scope S_000001cbedbcf310;
T_50 ;
    %pushi/vec4 0, 0, 64;
    %ix/load 4, 50, 0;
    %flag_set/imm 4, 0;
    %store/vec4a v000001cbedc23810, 4, 0;
    %end;
    .thread T_50;
    .scope S_000001cbedbce820;
T_51 ;
    %pushi/vec4 0, 0, 64;
    %ix/load 4, 51, 0;
    %flag_set/imm 4, 0;
    %store/vec4a v000001cbedc23810, 4, 0;
    %end;
    .thread T_51;
    .scope S_000001cbedbce9b0;
T_52 ;
    %pushi/vec4 0, 0, 64;
    %ix/load 4, 52, 0;
    %flag_set/imm 4, 0;
    %store/vec4a v000001cbedc23810, 4, 0;
    %end;
    .thread T_52;
    .scope S_000001cbedbcfc70;
T_53 ;
    %pushi/vec4 0, 0, 64;
    %ix/load 4, 53, 0;
    %flag_set/imm 4, 0;
    %store/vec4a v000001cbedc23810, 4, 0;
    %end;
    .thread T_53;
    .scope S_000001cbedbd02b0;
T_54 ;
    %pushi/vec4 0, 0, 64;
    %ix/load 4, 54, 0;
    %flag_set/imm 4, 0;
    %store/vec4a v000001cbedc23810, 4, 0;
    %end;
    .thread T_54;
    .scope S_000001cbedbcfe00;
T_55 ;
    %pushi/vec4 0, 0, 64;
    %ix/load 4, 55, 0;
    %flag_set/imm 4, 0;
    %store/vec4a v000001cbedc23810, 4, 0;
    %end;
    .thread T_55;
    .scope S_000001cbedbd0440;
T_56 ;
    %pushi/vec4 0, 0, 64;
    %ix/load 4, 56, 0;
    %flag_set/imm 4, 0;
    %store/vec4a v000001cbedc23810, 4, 0;
    %end;
    .thread T_56;
    .scope S_000001cbedbcff90;
T_57 ;
    %pushi/vec4 0, 0, 64;
    %ix/load 4, 57, 0;
    %flag_set/imm 4, 0;
    %store/vec4a v000001cbedc23810, 4, 0;
    %end;
    .thread T_57;
    .scope S_000001cbedbceff0;
T_58 ;
    %pushi/vec4 0, 0, 64;
    %ix/load 4, 58, 0;
    %flag_set/imm 4, 0;
    %store/vec4a v000001cbedc23810, 4, 0;
    %end;
    .thread T_58;
    .scope S_000001cbedbcf180;
T_59 ;
    %pushi/vec4 0, 0, 64;
    %ix/load 4, 59, 0;
    %flag_set/imm 4, 0;
    %store/vec4a v000001cbedc23810, 4, 0;
    %end;
    .thread T_59;
    .scope S_000001cbedbcf4a0;
T_60 ;
    %pushi/vec4 0, 0, 64;
    %ix/load 4, 60, 0;
    %flag_set/imm 4, 0;
    %store/vec4a v000001cbedc23810, 4, 0;
    %end;
    .thread T_60;
    .scope S_000001cbedbce690;
T_61 ;
    %pushi/vec4 0, 0, 64;
    %ix/load 4, 61, 0;
    %flag_set/imm 4, 0;
    %store/vec4a v000001cbedc23810, 4, 0;
    %end;
    .thread T_61;
    .scope S_000001cbedbcf630;
T_62 ;
    %pushi/vec4 0, 0, 64;
    %ix/load 4, 62, 0;
    %flag_set/imm 4, 0;
    %store/vec4a v000001cbedc23810, 4, 0;
    %end;
    .thread T_62;
    .scope S_000001cbedbcf7c0;
T_63 ;
    %pushi/vec4 0, 0, 64;
    %ix/load 4, 63, 0;
    %flag_set/imm 4, 0;
    %store/vec4a v000001cbedc23810, 4, 0;
    %end;
    .thread T_63;
    .scope S_000001cbedb72790;
T_64 ;
    %wait E_000001cbedbc7140;
    %load/vec4 v000001cbedc22d20_0;
    %pad/u 32;
    %cmpi/e 10, 0, 32;
    %flag_mov 8, 4;
    %load/vec4 v000001cbedc22d20_0;
    %pad/u 32;
    %cmpi/e 8, 0, 32;
    %flag_or 4, 8;
    %flag_mov 8, 4;
    %load/vec4 v000001cbedc22d20_0;
    %pad/u 32;
    %cmpi/e 4, 0, 32;
    %flag_or 4, 8;
    %flag_mov 8, 4;
    %load/vec4 v000001cbedc22d20_0;
    %pad/u 32;
    %cmpi/e 5, 0, 32;
    %flag_or 4, 8;
    %jmp/0xz  T_64.0, 4;
    %load/vec4 v000001cbedc22f00_0;
    %store/vec4 v000001cbedc24120_0, 0, 64;
    %jmp T_64.1;
T_64.0 ;
    %load/vec4 v000001cbedc22d20_0;
    %pad/u 32;
    %cmpi/e 11, 0, 32;
    %flag_mov 8, 4;
    %load/vec4 v000001cbedc22d20_0;
    %pad/u 32;
    %cmpi/e 9, 0, 32;
    %flag_or 4, 8;
    %jmp/0xz  T_64.2, 4;
    %load/vec4 v000001cbedc22e60_0;
    %store/vec4 v000001cbedc24120_0, 0, 64;
T_64.2 ;
T_64.1 ;
    %load/vec4 v000001cbedc22d20_0;
    %pad/u 32;
    %cmpi/e 4, 0, 32;
    %flag_mov 8, 4;
    %load/vec4 v000001cbedc22d20_0;
    %pad/u 32;
    %cmpi/e 10, 0, 32;
    %flag_or 4, 8;
    %flag_mov 8, 4;
    %load/vec4 v000001cbedc22d20_0;
    %pad/u 32;
    %cmpi/e 8, 0, 32;
    %flag_or 4, 8;
    %jmp/0xz  T_64.4, 4;
    %load/vec4 v000001cbedc22e60_0;
    %store/vec4 v000001cbedc241c0_0, 0, 64;
T_64.4 ;
    %load/vec4 v000001cbedc22d20_0;
    %pad/u 32;
    %cmpi/e 5, 0, 32;
    %flag_mov 8, 4;
    %load/vec4 v000001cbedc22d20_0;
    %pad/u 32;
    %cmpi/e 9, 0, 32;
    %flag_or 4, 8;
    %flag_mov 8, 4;
    %load/vec4 v000001cbedc22d20_0;
    %pad/u 32;
    %cmpi/e 11, 0, 32;
    %flag_or 4, 8;
    %jmp/0xz  T_64.6, 4;
    %pushi/vec4 1, 0, 1;
    %store/vec4 v000001cbedc23b80_0, 0, 1;
    %jmp T_64.7;
T_64.6 ;
    %pushi/vec4 0, 0, 1;
    %store/vec4 v000001cbedc23b80_0, 0, 1;
T_64.7 ;
    %load/vec4 v000001cbedc22d20_0;
    %pad/u 32;
    %cmpi/e 4, 0, 32;
    %flag_mov 8, 4;
    %load/vec4 v000001cbedc22d20_0;
    %pad/u 32;
    %cmpi/e 8, 0, 32;
    %flag_or 4, 8;
    %flag_mov 8, 4;
    %load/vec4 v000001cbedc22d20_0;
    %pad/u 32;
    %cmpi/e 10, 0, 32;
    %flag_or 4, 8;
    %jmp/0xz  T_64.8, 4;
    %pushi/vec4 1, 0, 1;
    %store/vec4 v000001cbedc23900_0, 0, 1;
    %jmp T_64.9;
T_64.8 ;
    %pushi/vec4 0, 0, 1;
    %store/vec4 v000001cbedc23900_0, 0, 1;
T_64.9 ;
    %load/vec4 v000001cbedc23b80_0;
    %pad/u 32;
    %cmpi/e 1, 0, 32;
    %jmp/0xz  T_64.10, 4;
    %ix/getv 4, v000001cbedc24120_0;
    %load/vec4a v000001cbedc23810, 4;
    %store/vec4 v000001cbedc23770_0, 0, 64;
T_64.10 ;
    %load/vec4 v000001cbedc24120_0;
    %cmpi/u 8191, 0, 64;
    %flag_or 5, 4; GT is !LE
    %flag_inv 5;
    %jmp/0xz  T_64.12, 5;
    %pushi/vec4 2, 0, 3;
    %store/vec4 v000001cbedc23220_0, 0, 3;
    %jmp T_64.13;
T_64.12 ;
    %load/vec4 v000001cbedc22dc0_0;
    %store/vec4 v000001cbedc23220_0, 0, 3;
T_64.13 ;
    %jmp T_64;
    .thread T_64;
# The file index is used to find the file name in the following table.
:file_names 3;
    "N/A";
    "<interactive>";
    "data_memory.v";
