#! /c/Source/iverilog-install/bin/vvp
:ivl_version "12.0 (devel)" "(s20150603-1110-g18392a46)";
:ivl_delay_selection "TYPICAL";
:vpi_time_precision + 0;
:vpi_module "C:\Users\abhi2\iverilog\lib\ivl\system.vpi";
:vpi_module "C:\Users\abhi2\iverilog\lib\ivl\vhdl_sys.vpi";
:vpi_module "C:\Users\abhi2\iverilog\lib\ivl\vhdl_textio.vpi";
:vpi_module "C:\Users\abhi2\iverilog\lib\ivl\v2005_math.vpi";
:vpi_module "C:\Users\abhi2\iverilog\lib\ivl\va_math.vpi";
S_00000191aa742990 .scope module, "W_Reg" "W_Reg" 2 1;
 .timescale 0 0;
    .port_info 0 /OUTPUT 3 "W_stat";
    .port_info 1 /OUTPUT 4 "W_icode";
    .port_info 2 /OUTPUT 64 "W_valE";
    .port_info 3 /OUTPUT 64 "W_valM";
    .port_info 4 /OUTPUT 4 "W_dstE";
    .port_info 5 /OUTPUT 4 "W_dstM";
    .port_info 6 /INPUT 3 "m_stat";
    .port_info 7 /INPUT 4 "m_icode";
    .port_info 8 /INPUT 64 "m_valE";
    .port_info 9 /INPUT 64 "m_valM";
    .port_info 10 /INPUT 4 "m_dstE";
    .port_info 11 /INPUT 64 "m_dstM";
    .port_info 12 /INPUT 1 "clk";
v00000191aa742c00_0 .var "W_dstE", 3 0;
v00000191aa742ca0_0 .var "W_dstM", 3 0;
v00000191aa72b890_0 .var "W_icode", 3 0;
v00000191aa72b930_0 .var "W_stat", 2 0;
v00000191aa72b9d0_0 .var "W_valE", 63 0;
v00000191aa72ba70_0 .var "W_valM", 63 0;
o00000191aa7770b8 .functor BUFZ 1, C4<z>; HiZ drive
v00000191aa72bb10_0 .net "clk", 0 0, o00000191aa7770b8;  0 drivers
o00000191aa7770e8 .functor BUFZ 4, C4<zzzz>; HiZ drive
v00000191aa72bbb0_0 .net "m_dstE", 3 0, o00000191aa7770e8;  0 drivers
o00000191aa777118 .functor BUFZ 64, C4<zzzzzzzzzzzzzzzzzzzzzzzzzzzzzzzzzzzzzzzzzzzzzzzzzzzzzzzzzzzzzzzz>; HiZ drive
v00000191aa72bc50_0 .net "m_dstM", 63 0, o00000191aa777118;  0 drivers
o00000191aa777148 .functor BUFZ 4, C4<zzzz>; HiZ drive
v00000191aa72bd80_0 .net "m_icode", 3 0, o00000191aa777148;  0 drivers
o00000191aa777178 .functor BUFZ 3, C4<zzz>; HiZ drive
v00000191aa72be20_0 .net "m_stat", 2 0, o00000191aa777178;  0 drivers
o00000191aa7771a8 .functor BUFZ 64, C4<zzzzzzzzzzzzzzzzzzzzzzzzzzzzzzzzzzzzzzzzzzzzzzzzzzzzzzzzzzzzzzzz>; HiZ drive
v00000191aa772880_0 .net "m_valE", 63 0, o00000191aa7771a8;  0 drivers
o00000191aa7771d8 .functor BUFZ 64, C4<zzzzzzzzzzzzzzzzzzzzzzzzzzzzzzzzzzzzzzzzzzzzzzzzzzzzzzzzzzzzzzzz>; HiZ drive
v00000191aa772920_0 .net "m_valM", 63 0, o00000191aa7771d8;  0 drivers
E_00000191aa72c710/0 .event anyedge, v00000191aa72be20_0, v00000191aa72bd80_0, v00000191aa772920_0, v00000191aa772880_0;
E_00000191aa72c710/1 .event anyedge, v00000191aa72bbb0_0, v00000191aa72bc50_0;
E_00000191aa72c710 .event/or E_00000191aa72c710/0, E_00000191aa72c710/1;
    .scope S_00000191aa742990;
T_0 ;
    %wait E_00000191aa72c710;
    %load/vec4 v00000191aa72be20_0;
    %store/vec4 v00000191aa72b930_0, 0, 3;
    %load/vec4 v00000191aa72bd80_0;
    %store/vec4 v00000191aa72b890_0, 0, 4;
    %load/vec4 v00000191aa772920_0;
    %store/vec4 v00000191aa72ba70_0, 0, 64;
    %load/vec4 v00000191aa772880_0;
    %store/vec4 v00000191aa72b9d0_0, 0, 64;
    %load/vec4 v00000191aa72bbb0_0;
    %store/vec4 v00000191aa742c00_0, 0, 4;
    %load/vec4 v00000191aa72bc50_0;
    %pad/u 4;
    %store/vec4 v00000191aa742ca0_0, 0, 4;
    %jmp T_0;
    .thread T_0, $push;
# The file index is used to find the file name in the following table.
:file_names 3;
    "N/A";
    "<interactive>";
    "W_Reg.v";
